c:\users\dinar\lab2\passthrough1\x64\debug\vc143.pdb
c:\users\dinar\lab2\passthrough1\x64\debug\passthrough.obj
c:\users\dinar\lab2\passthrough1\x64\debug\aes.obj
c:\users\dinar\lab2\passthrough1\x64\debug\passthrough\passthrough.cat
c:\users\dinar\lab2\passthrough1\x64\debug\passthrough.sys
c:\users\dinar\lab2\passthrough1\x64\debug\passthrough.pdb
c:\users\dinar\lab2\passthrough1\x64\debug\passthrough.res
c:\users\dinar\lab2\passthrough1\x64\debug\passthrough.inf
c:\users\dinar\lab2\passthrough1\x64\debug\passthrough.tlog\cl.command.1.tlog
c:\users\dinar\lab2\passthrough1\x64\debug\passthrough.tlog\cl.read.1.tlog
c:\users\dinar\lab2\passthrough1\x64\debug\passthrough.tlog\cl.write.1.tlog
c:\users\dinar\lab2\passthrough1\x64\debug\passthrough.tlog\inf2cat-expand.10248.read.1.tlog
c:\users\dinar\lab2\passthrough1\x64\debug\passthrough.tlog\inf2cat-expand.10248.write.1.tlog
c:\users\dinar\lab2\passthrough1\x64\debug\passthrough.tlog\inf2cat-expand.10772.read.1.tlog
c:\users\dinar\lab2\passthrough1\x64\debug\passthrough.tlog\inf2cat-expand.10772.write.1.tlog
c:\users\dinar\lab2\passthrough1\x64\debug\passthrough.tlog\inf2cat-expand.12828.read.1.tlog
c:\users\dinar\lab2\passthrough1\x64\debug\passthrough.tlog\inf2cat-expand.12828.write.1.tlog
c:\users\dinar\lab2\passthrough1\x64\debug\passthrough.tlog\inf2cat-expand.12836.read.1.tlog
c:\users\dinar\lab2\passthrough1\x64\debug\passthrough.tlog\inf2cat-expand.12836.write.1.tlog
c:\users\dinar\lab2\passthrough1\x64\debug\passthrough.tlog\inf2cat-expand.13820.read.1.tlog
c:\users\dinar\lab2\passthrough1\x64\debug\passthrough.tlog\inf2cat-expand.13820.write.1.tlog
c:\users\dinar\lab2\passthrough1\x64\debug\passthrough.tlog\inf2cat-expand.15504.read.1.tlog
c:\users\dinar\lab2\passthrough1\x64\debug\passthrough.tlog\inf2cat-expand.15504.write.1.tlog
c:\users\dinar\lab2\passthrough1\x64\debug\passthrough.tlog\inf2cat-expand.16844.read.1.tlog
c:\users\dinar\lab2\passthrough1\x64\debug\passthrough.tlog\inf2cat-expand.16844.write.1.tlog
c:\users\dinar\lab2\passthrough1\x64\debug\passthrough.tlog\inf2cat-expand.17540.read.1.tlog
c:\users\dinar\lab2\passthrough1\x64\debug\passthrough.tlog\inf2cat-expand.17540.write.1.tlog
c:\users\dinar\lab2\passthrough1\x64\debug\passthrough.tlog\inf2cat-expand.18180.read.1.tlog
c:\users\dinar\lab2\passthrough1\x64\debug\passthrough.tlog\inf2cat-expand.18180.write.1.tlog
c:\users\dinar\lab2\passthrough1\x64\debug\passthrough.tlog\inf2cat-expand.18664.read.1.tlog
c:\users\dinar\lab2\passthrough1\x64\debug\passthrough.tlog\inf2cat-expand.18664.write.1.tlog
c:\users\dinar\lab2\passthrough1\x64\debug\passthrough.tlog\inf2cat-expand.1880.read.1.tlog
c:\users\dinar\lab2\passthrough1\x64\debug\passthrough.tlog\inf2cat-expand.1880.write.1.tlog
c:\users\dinar\lab2\passthrough1\x64\debug\passthrough.tlog\inf2cat-expand.19544.read.1.tlog
c:\users\dinar\lab2\passthrough1\x64\debug\passthrough.tlog\inf2cat-expand.19544.write.1.tlog
c:\users\dinar\lab2\passthrough1\x64\debug\passthrough.tlog\inf2cat-expand.19788.read.1.tlog
c:\users\dinar\lab2\passthrough1\x64\debug\passthrough.tlog\inf2cat-expand.19788.write.1.tlog
c:\users\dinar\lab2\passthrough1\x64\debug\passthrough.tlog\inf2cat-expand.21844.read.1.tlog
c:\users\dinar\lab2\passthrough1\x64\debug\passthrough.tlog\inf2cat-expand.21844.write.1.tlog
c:\users\dinar\lab2\passthrough1\x64\debug\passthrough.tlog\inf2cat-expand.21932.read.1.tlog
c:\users\dinar\lab2\passthrough1\x64\debug\passthrough.tlog\inf2cat-expand.21932.write.1.tlog
c:\users\dinar\lab2\passthrough1\x64\debug\passthrough.tlog\inf2cat-expand.2616.read.1.tlog
c:\users\dinar\lab2\passthrough1\x64\debug\passthrough.tlog\inf2cat-expand.2616.write.1.tlog
c:\users\dinar\lab2\passthrough1\x64\debug\passthrough.tlog\inf2cat-expand.4384.read.1.tlog
c:\users\dinar\lab2\passthrough1\x64\debug\passthrough.tlog\inf2cat-expand.4384.write.1.tlog
c:\users\dinar\lab2\passthrough1\x64\debug\passthrough.tlog\inf2cat-expand.7420.read.1.tlog
c:\users\dinar\lab2\passthrough1\x64\debug\passthrough.tlog\inf2cat-expand.7420.write.1.tlog
c:\users\dinar\lab2\passthrough1\x64\debug\passthrough.tlog\inf2cat-expand.7512.read.1.tlog
c:\users\dinar\lab2\passthrough1\x64\debug\passthrough.tlog\inf2cat-expand.7512.write.1.tlog
c:\users\dinar\lab2\passthrough1\x64\debug\passthrough.tlog\inf2cat-expand.9064.read.1.tlog
c:\users\dinar\lab2\passthrough1\x64\debug\passthrough.tlog\inf2cat-expand.9064.write.1.tlog
c:\users\dinar\lab2\passthrough1\x64\debug\passthrough.tlog\inf2cat-expand.read.1.tlog
c:\users\dinar\lab2\passthrough1\x64\debug\passthrough.tlog\inf2cat-expand.write.1.tlog
c:\users\dinar\lab2\passthrough1\x64\debug\passthrough.tlog\inf2cat.command.1.tlog
c:\users\dinar\lab2\passthrough1\x64\debug\passthrough.tlog\inf2cat.read.1.tlog
c:\users\dinar\lab2\passthrough1\x64\debug\passthrough.tlog\inf2cat.write.1.tlog
c:\users\dinar\lab2\passthrough1\x64\debug\passthrough.tlog\link.command.1.tlog
c:\users\dinar\lab2\passthrough1\x64\debug\passthrough.tlog\link.read.1.tlog
c:\users\dinar\lab2\passthrough1\x64\debug\passthrough.tlog\link.write.1.tlog
c:\users\dinar\lab2\passthrough1\x64\debug\passthrough.tlog\rc.command.1.tlog
c:\users\dinar\lab2\passthrough1\x64\debug\passthrough.tlog\rc.read.1.tlog
c:\users\dinar\lab2\passthrough1\x64\debug\passthrough.tlog\rc.write.1.tlog
c:\users\dinar\lab2\passthrough1\x64\debug\passthrough.tlog\signtool.command.1.tlog
c:\users\dinar\lab2\passthrough1\x64\debug\passthrough.tlog\signtool.read.1.tlog
c:\users\dinar\lab2\passthrough1\x64\debug\passthrough.tlog\signtool.timestamp.1.tlog
c:\users\dinar\lab2\passthrough1\x64\debug\passthrough.tlog\signtool.write.1.tlog
c:\users\dinar\lab2\passthrough1\x64\debug\passthrough.tlog\stampinf.command.1.tlog
c:\users\dinar\lab2\passthrough1\x64\debug\passthrough.tlog\stampinf.read.1.tlog
c:\users\dinar\lab2\passthrough1\x64\debug\passthrough.tlog\stampinf.write.1.tlog
